<?xml version="1.0" encoding="UTF-8"?>
<!-- Generated by org.testng.reporters.JUnitReportReporter -->
<testsuite hostname="LAPTOP-QJ610DJG" failures="0" tests="1" name="com.automation.tests.LoginTest" time="7.941" errors="0" timestamp="2025-03-26T23:00:23 PDT" skipped="0">
  <testcase classname="com.automation.tests.LoginTest" name="LoginTestCase" time="7.941"/>
</testsuite> <!-- com.automation.tests.LoginTest -->
